2015-09-17 17:46:14 - MOD: Modification Default
FILE: system/engine/action.php
REGEX: ~(require|include)(_once)?\(([^)]+)~
LINE: 58
FILE: system/engine/loader.php
REGEX: ~(require|include)(_once)?\(([^)]+)~
LINE: 20
LINE: 37
LINE: 54
LINE: 65
FILE: system/library/config.php
REGEX: ~(require|include)(_once)?\(([^)]+)~
LINE: 23
FILE: system/library/language.php
REGEX: ~(require|include)(_once)?\(([^)]+)~
LINE: 21
LINE: 27
----------------------------------------------------------------
MOD: Local copy OCMOD by iSenseLabs
FILE: admin/controller/extension/installer.php
CODE: 'url'  => str_replace('&amp;', '&', $this->url->link('extension/installer/ftp', 'token=' . $this->session->data['token'], 'SSL')),
LINE: 132
CODE: public function unzip() {
LINE: 282
----------------------------------------------------------------
2015-09-17 17:46:41 - MOD: Modification Default
FILE: system/engine/action.php
REGEX: ~(require|include)(_once)?\(([^)]+)~
LINE: 58
FILE: system/engine/loader.php
REGEX: ~(require|include)(_once)?\(([^)]+)~
LINE: 20
LINE: 37
LINE: 54
LINE: 65
FILE: system/library/config.php
REGEX: ~(require|include)(_once)?\(([^)]+)~
LINE: 23
FILE: system/library/language.php
REGEX: ~(require|include)(_once)?\(([^)]+)~
LINE: 21
LINE: 27
----------------------------------------------------------------
MOD: Easy Blog Simple for oc2011+
FILE: admin/controller/common/menu.php
CODE: return $this->load->view('common/menu.tpl', $data);
LINE: 211
FILE: admin/view/template/common/menu.tpl
CODE: <li id="system"><a class="parent"><i class="fa fa-cog fa-fw"></i> <span><?php echo $text_system; ?></span></a>
LINE: 122
FILE: catalog/view/theme/default/template/common/footer.tpl
CODE: <?php foreach ($informations as $information) { ?>
LINE: 10
FILE: catalog/controller/common/footer.php
CODE: $data['informations'] = array();
LINE: 28
----------------------------------------------------------------
MOD: Local copy OCMOD by iSenseLabs
FILE: admin/controller/extension/installer.php
CODE: 'url'  => str_replace('&amp;', '&', $this->url->link('extension/installer/ftp', 'token=' . $this->session->data['token'], 'SSL')),
LINE: 132
CODE: public function unzip() {
LINE: 282
----------------------------------------------------------------
2015-09-17 17:49:11 - MOD: Modification Default
FILE: system/engine/action.php
REGEX: ~(require|include)(_once)?\(([^)]+)~
LINE: 58
FILE: system/engine/loader.php
REGEX: ~(require|include)(_once)?\(([^)]+)~
LINE: 20
LINE: 37
LINE: 54
LINE: 65
FILE: system/library/config.php
REGEX: ~(require|include)(_once)?\(([^)]+)~
LINE: 23
FILE: system/library/language.php
REGEX: ~(require|include)(_once)?\(([^)]+)~
LINE: 21
LINE: 27
----------------------------------------------------------------
MOD: Easy Blog Simple for oc2011+
FILE: admin/controller/common/menu.php
CODE: return $this->load->view('common/menu.tpl', $data);
LINE: 211
FILE: admin/view/template/common/menu.tpl
CODE: <li id="system"><a class="parent"><i class="fa fa-cog fa-fw"></i> <span><?php echo $text_system; ?></span></a>
LINE: 122
FILE: catalog/view/theme/default/template/common/footer.tpl
CODE: <?php foreach ($informations as $information) { ?>
LINE: 10
FILE: catalog/controller/common/footer.php
CODE: $data['informations'] = array();
LINE: 28
----------------------------------------------------------------
MOD: Local copy OCMOD by iSenseLabs
FILE: admin/controller/extension/installer.php
CODE: 'url'  => str_replace('&amp;', '&', $this->url->link('extension/installer/ftp', 'token=' . $this->session->data['token'], 'SSL')),
LINE: 132
CODE: public function unzip() {
LINE: 282
----------------------------------------------------------------
2015-09-25 20:25:42 - MOD: Modification Default
FILE: system/engine/action.php
REGEX: ~(require|include)(_once)?\(([^)]+)~
LINE: 58
FILE: system/engine/loader.php
REGEX: ~(require|include)(_once)?\(([^)]+)~
LINE: 20
LINE: 37
LINE: 54
LINE: 65
FILE: system/library/config.php
REGEX: ~(require|include)(_once)?\(([^)]+)~
LINE: 23
FILE: system/library/language.php
REGEX: ~(require|include)(_once)?\(([^)]+)~
LINE: 21
LINE: 27
----------------------------------------------------------------
MOD: Easy Blog Simple for oc2011+
FILE: admin/controller/common/menu.php
CODE: return $this->load->view('common/menu.tpl', $data);
LINE: 211
FILE: admin/view/template/common/menu.tpl
CODE: <li id="system"><a class="parent"><i class="fa fa-cog fa-fw"></i> <span><?php echo $text_system; ?></span></a>
LINE: 122
FILE: catalog/view/theme/default/template/common/footer.tpl
CODE: <?php foreach ($informations as $information) { ?>
LINE: 10
FILE: catalog/controller/common/footer.php
CODE: $data['informations'] = array();
LINE: 28
----------------------------------------------------------------
MOD: Export/Import Tool for OpenCart 2.0.x
CODE: $data['text_backup'] = $this->language->get('text_backup');
LINE: 12
CODE: $data['backup'] = $this->url->link('tool/backup', 'token=' . $this->session->data['token'], 'SSL');
LINE: 119
FILE: admin/language/english/common/menu.php
CODE: $_['text_backup']                      = 'Backup / Restore';
LINE: 9
CODE: <li><a href="<?php echo $backup; ?>"><?php echo $text_backup; ?></a></li>
LINE: 173
----------------------------------------------------------------
MOD: Local copy OCMOD by iSenseLabs
FILE: admin/controller/extension/installer.php
CODE: 'url'  => str_replace('&amp;', '&', $this->url->link('extension/installer/ftp', 'token=' . $this->session->data['token'], 'SSL')),
LINE: 132
CODE: public function unzip() {
LINE: 282
----------------------------------------------------------------
2015-09-28 19:18:06 - MOD: Modification Default
FILE: system/engine/action.php
REGEX: ~(require|include)(_once)?\(([^)]+)~
LINE: 58
FILE: system/engine/loader.php
REGEX: ~(require|include)(_once)?\(([^)]+)~
LINE: 20
LINE: 37
LINE: 54
LINE: 65
FILE: system/library/config.php
REGEX: ~(require|include)(_once)?\(([^)]+)~
LINE: 23
FILE: system/library/language.php
REGEX: ~(require|include)(_once)?\(([^)]+)~
LINE: 21
LINE: 27
----------------------------------------------------------------
MOD: Easy Blog Simple for oc2011+
FILE: admin/controller/common/menu.php
CODE: return $this->load->view('common/menu.tpl', $data);
LINE: 211
FILE: admin/view/template/common/menu.tpl
CODE: <li id="system"><a class="parent"><i class="fa fa-cog fa-fw"></i> <span><?php echo $text_system; ?></span></a>
LINE: 122
FILE: catalog/view/theme/default/template/common/footer.tpl
CODE: <?php foreach ($informations as $information) { ?>
LINE: 10
FILE: catalog/controller/common/footer.php
CODE: $data['informations'] = array();
LINE: 28
----------------------------------------------------------------
MOD: Export/Import Tool for OpenCart 2.0.x
CODE: $data['text_backup'] = $this->language->get('text_backup');
LINE: 12
CODE: $data['backup'] = $this->url->link('tool/backup', 'token=' . $this->session->data['token'], 'SSL');
LINE: 119
FILE: admin/language/english/common/menu.php
CODE: $_['text_backup']                      = 'Backup / Restore';
LINE: 9
CODE: <li><a href="<?php echo $backup; ?>"><?php echo $text_backup; ?></a></li>
LINE: 173
----------------------------------------------------------------
MOD: Ka Extensions platform
CODE: $data['manufacturer'] = $this->url->link(
LINE: 147
FILE: admin/controller/extension/modification.php
CODE: $this->response->redirect($this
LINE: 443
CODE: $this->getList();
LINE: 452
FILE: admin/model/extension/modification.php
CODE: n deleteModification(
LINE: 36
CODE: n deleteModification(
LINE: 42
CODE: n disableModification(
LINE: 56
CODE: <li><a href="<?php echo $module;
LINE: 29
CODE: __construct($registry
LINE: 8
CODE: $this->registry = $registry;
LINE: 13
CODE: public function language(
LINE: 93
FILE: system/library/db.php
CODE: public function getLastId()
LINE: 46
----------------------------------------------------------------
MOD: Local copy OCMOD by iSenseLabs
FILE: admin/controller/extension/installer.php
CODE: 'url'  => str_replace('&amp;', '&', $this->url->link('extension/installer/ftp', 'token=' . $this->session->data['token'], 'SSL')),
LINE: 132
CODE: public function unzip() {
LINE: 282
----------------------------------------------------------------
MOD: Maintenance Informer
FILE: admin/controller/common/header.php
CODE: view('common/header.tpl'
LINE: 144
FILE: admin/view/template/common/header.tpl
CODE: </header>
LINE: 94
----------------------------------------------------------------
MOD: Restricted Produt Access
FILE: admin/controller/catalog/category.php
CODE: data['stores'] = $this->model_setting_store->getStores(
LINE: 460
FILE: admin/controller/catalog/product.php
CODE: function edit(
LINE: 77
CODE: data['customer_groups'] = $this->model_sale_customer_group->getCustomerGroups
LINE: 1180
FILE: admin/model/catalog/category.php
CODE: $category_id = $this->db->getLastId();
LINE: 20
CODE: $this->db->query("UPDATE " . DB_PREFIX . "category SET parent_id = '" . (int
LINE: 93
CODE: public function deleteCategory($category_id
LINE: 195
CODE: function getCategoryStores($category_id
LINE: 374
FILE: admin/model/catalog/product.php
CODE: $product_id = $this->db->getLastId();
LINE: 15
CODE: function editProduct(
LINE: 144
CODE: $data['viewed'] = '0';
LINE: 309
CODE: function deleteProduct($product_id
LINE: 336
CODE: function getProductSpecials(
LINE: 571
FILE: admin/view/template/catalog/category_form.tpl
CODE: echo $entry_store;
LINE: 133
FILE: admin/view/template/catalog/product_form.tpl
CODE: echo $entry_category;
LINE: 365
FILE: catalog/controller/checkout/cart.php
CODE: model_catalog_product->getProduct
LINE: 303
FILE: catalog/controller/common/header.php
CODE: $data['text_wishlist'] = sprintf(
LINE: 57
FILE: catalog/controller/module/bestseller.php
CODE: data['products'][] = array(
LINE: 64
FILE: catalog/controller/module/featured.php
CODE: $data['products'][] = array(
LINE: 70
FILE: catalog/controller/module/latest.php
CODE: data['products'][] = array(
LINE: 70
FILE: catalog/controller/module/special.php
CODE: $data['products'][] = array(
LINE: 70
FILE: catalog/controller/product/category.php
CODE: $data['products'][] = array(
LINE: 252
CODE: if (file_exists(DIR_TEMPLATE . $this->config->get('config_template') . '/template/error/not_found.tpl'
LINE: 493
FILE: catalog/controller/product/product.php
CODE: $this->model_catalog_product->updateViewed(
LINE: 495
CODE: if (file_exists(DIR_TEMPLATE . $this->config->get('config_template') . '/template/error/not_found.tpl'
LINE: 618
FILE: catalog/controller/product/search.php
CODE: $data['products'][] = array(
LINE: 266
FILE: catalog/model/catalog/category.php
CODE: function getCategory(
LINE: 31
CODE: $query = $this->db->query("SELECT DISTINCT * FROM " . DB_PREFIX . "category c LEFT JOIN
LINE: 42
CODE: $query = $this->db->query("SELECT * FROM " . DB_PREFIX . "category c LEFT JOIN
LINE: 60
CODE: function getTotalCategoriesByCategoryId(
LINE: 118
CODE: $query = $this->db->query("SELECT COUNT(*) AS total FROM " . DB_PREFIX . "category c LEFT JOIN " . DB_PREFIX . "category_to_store c2s ON (c.category_id = c2s.category_id) WHERE c.parent_id = '" . (int)$parent_id . "' AND c2s.store_id = '" . (int)$this->config->get('config_store_id') . "' AND c.status = '1'");
LINE: 119
FILE: catalog/model/catalog/product.php
CODE: function getProduct(
LINE: 43
CODE: $query = $this->db->query("SELECT DISTINCT *, pd.name
LINE: 63
CODE: $sql .= " LEFT JOIN " . DB_PREFIX . "product_description pd ON
LINE: 139
CODE: if (!empty($data['filter_name']) || !empty($data['filter_tag']
LINE: 169
CODE: $product_data[$result['related_id']] = $this->getProduct
LINE: 457
CODE: $sql .= " LEFT JOIN " . DB_PREFIX . "product_description pd ON (
LINE: 504
CODE: $sql .= " LEFT JOIN " . DB_PREFIX . "product_description pd ON (
LINE: 512
FILE: catalog/view/theme/default/template/product/category.tpl
CODE: onclick="cart.add(
LINE: 131
CODE: onclick="cart.add(
LINE: 137
FILE: catalog/view/theme/default/template/product/product.tpl
CODE: <div id="product"
LINE: 178
CODE: php if ($review_status
LINE: 333
FILE: catalog/view/theme/default/template/product/search.tpl
CODE: onclick="cart.add(
LINE: 145
CODE: onclick="cart.add(
LINE: 151
FILE: system/library/cart.php
CODE: $product_id = $product['product_id'];
LINE: 32
CODE: public function hasDownload() {
LINE: 473
----------------------------------------------------------------
2015-09-28 19:18:21 - MOD: Modification Default
FILE: system/engine/action.php
REGEX: ~(require|include)(_once)?\(([^)]+)~
LINE: 58
FILE: system/engine/loader.php
REGEX: ~(require|include)(_once)?\(([^)]+)~
LINE: 20
LINE: 37
LINE: 54
LINE: 65
FILE: system/library/config.php
REGEX: ~(require|include)(_once)?\(([^)]+)~
LINE: 23
FILE: system/library/language.php
REGEX: ~(require|include)(_once)?\(([^)]+)~
LINE: 21
LINE: 27
----------------------------------------------------------------
MOD: Easy Blog Simple for oc2011+
FILE: admin/controller/common/menu.php
CODE: return $this->load->view('common/menu.tpl', $data);
LINE: 211
FILE: admin/view/template/common/menu.tpl
CODE: <li id="system"><a class="parent"><i class="fa fa-cog fa-fw"></i> <span><?php echo $text_system; ?></span></a>
LINE: 122
FILE: catalog/view/theme/default/template/common/footer.tpl
CODE: <?php foreach ($informations as $information) { ?>
LINE: 10
FILE: catalog/controller/common/footer.php
CODE: $data['informations'] = array();
LINE: 28
----------------------------------------------------------------
MOD: Export/Import Tool for OpenCart 2.0.x
CODE: $data['text_backup'] = $this->language->get('text_backup');
LINE: 12
CODE: $data['backup'] = $this->url->link('tool/backup', 'token=' . $this->session->data['token'], 'SSL');
LINE: 119
FILE: admin/language/english/common/menu.php
CODE: $_['text_backup']                      = 'Backup / Restore';
LINE: 9
CODE: <li><a href="<?php echo $backup; ?>"><?php echo $text_backup; ?></a></li>
LINE: 173
----------------------------------------------------------------
MOD: Ka Extensions platform
CODE: $data['manufacturer'] = $this->url->link(
LINE: 147
FILE: admin/controller/extension/modification.php
CODE: $this->response->redirect($this
LINE: 443
CODE: $this->getList();
LINE: 452
FILE: admin/model/extension/modification.php
CODE: n deleteModification(
LINE: 36
CODE: n deleteModification(
LINE: 42
CODE: n disableModification(
LINE: 56
CODE: <li><a href="<?php echo $module;
LINE: 29
CODE: __construct($registry
LINE: 8
CODE: $this->registry = $registry;
LINE: 13
CODE: public function language(
LINE: 93
FILE: system/library/db.php
CODE: public function getLastId()
LINE: 46
----------------------------------------------------------------
MOD: Local copy OCMOD by iSenseLabs
FILE: admin/controller/extension/installer.php
CODE: 'url'  => str_replace('&amp;', '&', $this->url->link('extension/installer/ftp', 'token=' . $this->session->data['token'], 'SSL')),
LINE: 132
CODE: public function unzip() {
LINE: 282
----------------------------------------------------------------
MOD: Maintenance Informer
FILE: admin/controller/common/header.php
CODE: view('common/header.tpl'
LINE: 144
FILE: admin/view/template/common/header.tpl
CODE: </header>
LINE: 94
----------------------------------------------------------------
MOD: Restricted Produt Access
FILE: admin/controller/catalog/category.php
CODE: data['stores'] = $this->model_setting_store->getStores(
LINE: 460
FILE: admin/controller/catalog/product.php
CODE: function edit(
LINE: 77
CODE: data['customer_groups'] = $this->model_sale_customer_group->getCustomerGroups
LINE: 1180
FILE: admin/model/catalog/category.php
CODE: $category_id = $this->db->getLastId();
LINE: 20
CODE: $this->db->query("UPDATE " . DB_PREFIX . "category SET parent_id = '" . (int
LINE: 93
CODE: public function deleteCategory($category_id
LINE: 195
CODE: function getCategoryStores($category_id
LINE: 374
FILE: admin/model/catalog/product.php
CODE: $product_id = $this->db->getLastId();
LINE: 15
CODE: function editProduct(
LINE: 144
CODE: $data['viewed'] = '0';
LINE: 309
CODE: function deleteProduct($product_id
LINE: 336
CODE: function getProductSpecials(
LINE: 571
FILE: admin/view/template/catalog/category_form.tpl
CODE: echo $entry_store;
LINE: 133
FILE: admin/view/template/catalog/product_form.tpl
CODE: echo $entry_category;
LINE: 365
FILE: catalog/controller/checkout/cart.php
CODE: model_catalog_product->getProduct
LINE: 303
FILE: catalog/controller/common/header.php
CODE: $data['text_wishlist'] = sprintf(
LINE: 57
FILE: catalog/controller/module/bestseller.php
CODE: data['products'][] = array(
LINE: 64
FILE: catalog/controller/module/featured.php
CODE: $data['products'][] = array(
LINE: 70
FILE: catalog/controller/module/latest.php
CODE: data['products'][] = array(
LINE: 70
FILE: catalog/controller/module/special.php
CODE: $data['products'][] = array(
LINE: 70
FILE: catalog/controller/product/category.php
CODE: $data['products'][] = array(
LINE: 252
CODE: if (file_exists(DIR_TEMPLATE . $this->config->get('config_template') . '/template/error/not_found.tpl'
LINE: 493
FILE: catalog/controller/product/product.php
CODE: $this->model_catalog_product->updateViewed(
LINE: 495
CODE: if (file_exists(DIR_TEMPLATE . $this->config->get('config_template') . '/template/error/not_found.tpl'
LINE: 618
FILE: catalog/controller/product/search.php
CODE: $data['products'][] = array(
LINE: 266
FILE: catalog/model/catalog/category.php
CODE: function getCategory(
LINE: 31
CODE: $query = $this->db->query("SELECT DISTINCT * FROM " . DB_PREFIX . "category c LEFT JOIN
LINE: 42
CODE: $query = $this->db->query("SELECT * FROM " . DB_PREFIX . "category c LEFT JOIN
LINE: 60
CODE: function getTotalCategoriesByCategoryId(
LINE: 118
CODE: $query = $this->db->query("SELECT COUNT(*) AS total FROM " . DB_PREFIX . "category c LEFT JOIN " . DB_PREFIX . "category_to_store c2s ON (c.category_id = c2s.category_id) WHERE c.parent_id = '" . (int)$parent_id . "' AND c2s.store_id = '" . (int)$this->config->get('config_store_id') . "' AND c.status = '1'");
LINE: 119
FILE: catalog/model/catalog/product.php
CODE: function getProduct(
LINE: 43
CODE: $query = $this->db->query("SELECT DISTINCT *, pd.name
LINE: 63
CODE: $sql .= " LEFT JOIN " . DB_PREFIX . "product_description pd ON
LINE: 139
CODE: if (!empty($data['filter_name']) || !empty($data['filter_tag']
LINE: 169
CODE: $product_data[$result['related_id']] = $this->getProduct
LINE: 457
CODE: $sql .= " LEFT JOIN " . DB_PREFIX . "product_description pd ON (
LINE: 504
CODE: $sql .= " LEFT JOIN " . DB_PREFIX . "product_description pd ON (
LINE: 512
FILE: catalog/view/theme/default/template/product/category.tpl
CODE: onclick="cart.add(
LINE: 131
CODE: onclick="cart.add(
LINE: 137
FILE: catalog/view/theme/default/template/product/product.tpl
CODE: <div id="product"
LINE: 178
CODE: php if ($review_status
LINE: 333
FILE: catalog/view/theme/default/template/product/search.tpl
CODE: onclick="cart.add(
LINE: 145
CODE: onclick="cart.add(
LINE: 151
FILE: system/library/cart.php
CODE: $product_id = $product['product_id'];
LINE: 32
CODE: public function hasDownload() {
LINE: 473
----------------------------------------------------------------
2015-09-28 19:19:02 - MOD: Modification Default
FILE: system/engine/action.php
REGEX: ~(require|include)(_once)?\(([^)]+)~
LINE: 58
FILE: system/engine/loader.php
REGEX: ~(require|include)(_once)?\(([^)]+)~
LINE: 20
LINE: 37
LINE: 54
LINE: 65
FILE: system/library/config.php
REGEX: ~(require|include)(_once)?\(([^)]+)~
LINE: 23
FILE: system/library/language.php
REGEX: ~(require|include)(_once)?\(([^)]+)~
LINE: 21
LINE: 27
----------------------------------------------------------------
MOD: Easy Blog Simple for oc2011+
FILE: admin/controller/common/menu.php
CODE: return $this->load->view('common/menu.tpl', $data);
LINE: 211
FILE: admin/view/template/common/menu.tpl
CODE: <li id="system"><a class="parent"><i class="fa fa-cog fa-fw"></i> <span><?php echo $text_system; ?></span></a>
LINE: 122
FILE: catalog/view/theme/default/template/common/footer.tpl
CODE: <?php foreach ($informations as $information) { ?>
LINE: 10
FILE: catalog/controller/common/footer.php
CODE: $data['informations'] = array();
LINE: 28
----------------------------------------------------------------
MOD: Export/Import Tool for OpenCart 2.0.x
CODE: $data['text_backup'] = $this->language->get('text_backup');
LINE: 12
CODE: $data['backup'] = $this->url->link('tool/backup', 'token=' . $this->session->data['token'], 'SSL');
LINE: 119
FILE: admin/language/english/common/menu.php
CODE: $_['text_backup']                      = 'Backup / Restore';
LINE: 9
CODE: <li><a href="<?php echo $backup; ?>"><?php echo $text_backup; ?></a></li>
LINE: 173
----------------------------------------------------------------
MOD: Ka Extensions platform
CODE: $data['manufacturer'] = $this->url->link(
LINE: 147
FILE: admin/controller/extension/modification.php
CODE: $this->response->redirect($this
LINE: 443
CODE: $this->getList();
LINE: 452
FILE: admin/model/extension/modification.php
CODE: n deleteModification(
LINE: 36
CODE: n deleteModification(
LINE: 42
CODE: n disableModification(
LINE: 56
CODE: <li><a href="<?php echo $module;
LINE: 29
CODE: __construct($registry
LINE: 8
CODE: $this->registry = $registry;
LINE: 13
CODE: public function language(
LINE: 93
FILE: system/library/db.php
CODE: public function getLastId()
LINE: 46
----------------------------------------------------------------
MOD: Local copy OCMOD by iSenseLabs
FILE: admin/controller/extension/installer.php
CODE: 'url'  => str_replace('&amp;', '&', $this->url->link('extension/installer/ftp', 'token=' . $this->session->data['token'], 'SSL')),
LINE: 132
CODE: public function unzip() {
LINE: 282
----------------------------------------------------------------
MOD: Maintenance Informer
FILE: admin/controller/common/header.php
CODE: view('common/header.tpl'
LINE: 144
FILE: admin/view/template/common/header.tpl
CODE: </header>
LINE: 94
----------------------------------------------------------------
MOD: Restricted Produt Access
FILE: admin/controller/catalog/category.php
CODE: data['stores'] = $this->model_setting_store->getStores(
LINE: 460
FILE: admin/controller/catalog/product.php
CODE: function edit(
LINE: 77
CODE: data['customer_groups'] = $this->model_sale_customer_group->getCustomerGroups
LINE: 1180
FILE: admin/model/catalog/category.php
CODE: $category_id = $this->db->getLastId();
LINE: 20
CODE: $this->db->query("UPDATE " . DB_PREFIX . "category SET parent_id = '" . (int
LINE: 93
CODE: public function deleteCategory($category_id
LINE: 195
CODE: function getCategoryStores($category_id
LINE: 374
FILE: admin/model/catalog/product.php
CODE: $product_id = $this->db->getLastId();
LINE: 15
CODE: function editProduct(
LINE: 144
CODE: $data['viewed'] = '0';
LINE: 309
CODE: function deleteProduct($product_id
LINE: 336
CODE: function getProductSpecials(
LINE: 571
FILE: admin/view/template/catalog/category_form.tpl
CODE: echo $entry_store;
LINE: 133
FILE: admin/view/template/catalog/product_form.tpl
CODE: echo $entry_category;
LINE: 365
FILE: catalog/controller/checkout/cart.php
CODE: model_catalog_product->getProduct
LINE: 303
FILE: catalog/controller/common/header.php
CODE: $data['text_wishlist'] = sprintf(
LINE: 57
FILE: catalog/controller/module/bestseller.php
CODE: data['products'][] = array(
LINE: 64
FILE: catalog/controller/module/featured.php
CODE: $data['products'][] = array(
LINE: 70
FILE: catalog/controller/module/latest.php
CODE: data['products'][] = array(
LINE: 70
FILE: catalog/controller/module/special.php
CODE: $data['products'][] = array(
LINE: 70
FILE: catalog/controller/product/category.php
CODE: $data['products'][] = array(
LINE: 252
CODE: if (file_exists(DIR_TEMPLATE . $this->config->get('config_template') . '/template/error/not_found.tpl'
LINE: 493
FILE: catalog/controller/product/product.php
CODE: $this->model_catalog_product->updateViewed(
LINE: 495
CODE: if (file_exists(DIR_TEMPLATE . $this->config->get('config_template') . '/template/error/not_found.tpl'
LINE: 618
FILE: catalog/controller/product/search.php
CODE: $data['products'][] = array(
LINE: 266
FILE: catalog/model/catalog/category.php
CODE: function getCategory(
LINE: 31
CODE: $query = $this->db->query("SELECT DISTINCT * FROM " . DB_PREFIX . "category c LEFT JOIN
LINE: 42
CODE: $query = $this->db->query("SELECT * FROM " . DB_PREFIX . "category c LEFT JOIN
LINE: 60
CODE: function getTotalCategoriesByCategoryId(
LINE: 118
CODE: $query = $this->db->query("SELECT COUNT(*) AS total FROM " . DB_PREFIX . "category c LEFT JOIN " . DB_PREFIX . "category_to_store c2s ON (c.category_id = c2s.category_id) WHERE c.parent_id = '" . (int)$parent_id . "' AND c2s.store_id = '" . (int)$this->config->get('config_store_id') . "' AND c.status = '1'");
LINE: 119
FILE: catalog/model/catalog/product.php
CODE: function getProduct(
LINE: 43
CODE: $query = $this->db->query("SELECT DISTINCT *, pd.name
LINE: 63
CODE: $sql .= " LEFT JOIN " . DB_PREFIX . "product_description pd ON
LINE: 139
CODE: if (!empty($data['filter_name']) || !empty($data['filter_tag']
LINE: 169
CODE: $product_data[$result['related_id']] = $this->getProduct
LINE: 457
CODE: $sql .= " LEFT JOIN " . DB_PREFIX . "product_description pd ON (
LINE: 504
CODE: $sql .= " LEFT JOIN " . DB_PREFIX . "product_description pd ON (
LINE: 512
FILE: catalog/view/theme/default/template/product/category.tpl
CODE: onclick="cart.add(
LINE: 131
CODE: onclick="cart.add(
LINE: 137
FILE: catalog/view/theme/default/template/product/product.tpl
CODE: <div id="product"
LINE: 178
CODE: php if ($review_status
LINE: 333
FILE: catalog/view/theme/default/template/product/search.tpl
CODE: onclick="cart.add(
LINE: 145
CODE: onclick="cart.add(
LINE: 151
FILE: system/library/cart.php
CODE: $product_id = $product['product_id'];
LINE: 32
CODE: public function hasDownload() {
LINE: 473
----------------------------------------------------------------
